*.upstartdigitalmedia.com
admin.upscaleart.com
*.upstartdigitalmedia.com
www.upsilon.eu
www.upsilon89.com
www.upsilon.eu
www.upsilon89.com
www.upspringagency.com
admin.upscaleart.com
*.upstorify.com
www.upstageinteriorstudios.com
autodiscover.upsbusinesscards.com
cpanel.upsbusinesscards.com
mail.upsbusinesscards.com
webdisk.upsbusinesscards.com
webmail.upsbusinesscards.com
www.upsbusinesscards.com
www.upsbusinesscards.josephmolina.com
*.upstream.net.in
*.upstorify.com
www.upstageinteriorstudios.com
autodiscover.upsbusinesscards.com
cpanel.upsbusinesscards.com
mail.upsbusinesscards.com
webdisk.upsbusinesscards.com
webmail.upsbusinesscards.com
www.upsbusinesscards.com
www.upsbusinesscards.josephmolina.com
*.upstorify.com
*.upscalecardeal.live
*.upscalecardeal.live
www.upspoken.net
*.upskirtcarriesdy.cf
*.startups-reader.gq
startups-reader.gq
www.upspoken.net
*.startups-reader.gq
startups-reader.gq
*.ups-pop.top
ups-pop.top
*.upskirtcarriesdy.cf
*.loups-garous-en-ligne.com
loups-garous-en-ligne.com
*.upscstudent.com
www.upstageinteriorstudios.com
*.upsmovie.cf
autodiscover.upsbusinesscards.com
cpanel.upsbusinesscards.com
mail.upsbusinesscards.com
webdisk.upsbusinesscards.com
webmail.upsbusinesscards.com
www.upsbusinesscards.com
www.upsbusinesscards.josephmolina.com
*.startups-reader.gq
startups-reader.gq
*.ups-pop.top
ups-pop.top
*.upscstudent.com
*.upsunhob.ga
*.upsmovie.cf
*.upskillschool.com
*.upstarliving.com
*.upsmovie.cf
www.upstageinteriorstudios.com
autodiscover.upsbusinesscards.com
cpanel.upsbusinesscards.com
mail.upsbusinesscards.com
webdisk.upsbusinesscards.com
webmail.upsbusinesscards.com
www.upsbusinesscards.com
www.upsbusinesscards.josephmolina.com
www.upspoken.net
*.upsunhob.ga
*.upscalecardeal.live
*.upstarliving.com
*.upskillschool.com
*.upsmovie.cf
*.g-ups-reviews.ga
g-ups-reviews.ga
*.startups-reader.gq
startups-reader.gq
*.startups-reader.gq
startups-reader.gq
*.upscstudent.com
*.upskirtcarriesdy.cf
*.upstatebooks.cf
*.upskillschool.com
*.upsmovie.cf
*.ups-ideal.top
ups-ideal.top
*.ups-pop.top
ups-pop.top
*.upskirtcarriesdy.cf
*.upsunhob.ga
*.upsmovie.cf
*.upscalecardeal.live
*.upstarliving.com
*.upskillschool.com
*.upsmovie.cf
*.upsign.co.uk
www.upside-eventos.com
*.upstartcom.net
www.upsizeyourfranchise.com
*.upscalecarandlimo.com
*.upstation.co.id
loups-solitaires.com
old-forum.loups-solitaires.com
www.loups-solitaires.com
www.old-forum.loups-solitaires.com
www.upspoken.net
*.upstartcom.net
www.upside-eventos.com
*.upsunhob.ga
*.upsmovie.cf
*.upscalecardeal.live
*.upstatebooks.cf
*.upstarliving.com
*.ups-ideal.top
ups-ideal.top
*.g-ups-reviews.ga
g-ups-reviews.ga
*.g-ups-reviews.ga
g-ups-reviews.ga
www.upsdriver.com
*.upsprotection.com
*.upsprotection.com
security.upsurvival.com
ftp.upsurvival.com
mail.upsurvival.com
pop.upsurvival.com
smtp.upsurvival.com
www.upsurvival.com
www.upside-eventos.com
www.upsizeyourfranchise.com
loups-solitaires.com
old-forum.loups-solitaires.com
www.loups-solitaires.com
www.old-forum.loups-solitaires.com
*.loups-garous-en-ligne.xyz
loups-garous-en-ligne.xyz
www.upsizeyourfranchise.com
loups-solitaires.com
old-forum.loups-solitaires.com
www.loups-solitaires.com
www.old-forum.loups-solitaires.com
www.upsdriver.com
*.loups-garous-en-ligne.xyz
loups-garous-en-ligne.xyz
security.upsurvival.com
ftp.upsurvival.com
mail.upsurvival.com
pop.upsurvival.com
smtp.upsurvival.com
www.upsurvival.com
*.upsign.co.uk
*.upsoft-3-2.gdn
*.upstartcom.net
*.upsprotection.com
*.g-ups-reviews.ga
g-ups-reviews.ga
*.upstartcom.net
*.upsprotection.com
*.upsmovie.cf
*.upscalecardeal.live
*.upstabulate.gq
*.upstairs-books.ga
*.upscalecardeal.live
www.upstage.ch
*.upstabulate.gq
*.upsmovie.cf
www.upscalewebdesigns.com
www.upside-eventos.com
www.upsizeyourfranchise.com
loups-solitaires.com
old-forum.loups-solitaires.com
www.loups-solitaires.com
www.old-forum.loups-solitaires.com
www.upsdriver.com
security.upsurvival.com
ftp.upsurvival.com
mail.upsurvival.com
pop.upsurvival.com
smtp.upsurvival.com
www.upsurvival.com
*.upsmovie.cf
*.upsmovie.cf
*.upstabulate.gq
*.upstabulate.gq
*.upsmovie.cf
*.upsidedowngifts.download
*.upsmovie.cf
*.upstabulate.gq
*.upsmovie.cf
*.upstabulate.gq
www.upsdriver.com
security.upsurvival.com
ftp.upsurvival.com
mail.upsurvival.com
pop.upsurvival.com
smtp.upsurvival.com
www.upsurvival.com
*.upsoft-3-2.gdn
*.upsmovie.cf
*.upstabulate.gq
*.upstabulate.gq
cpanel.upstaffed.services
webmail.upstaffed.services
*.upsmovie.cf
www.upstage.ch
*.upsmovie.cf
www.upscalewebdesigns.com
www.upstage.ch
www.upscalewebdesigns.com
*.upsmovie.cf
*.upslibrary.gq
*.loups-garous-en-ligne.xyz
loups-garous-en-ligne.xyz
*.upsmovie.cf
*.loups-garous-en-ligne.xyz
loups-garous-en-ligne.xyz
*.upscalecardeal.live
*.upstabulate.gq
*.upstabulate.gq
*.upsoft-3-2.gdn
*.upsmovie.cf
*.upstabulate.gq
*.upsmovie.cf
*.upsmovie.cf
*.upscalecardeal.live
*.upstabulate.gq
*.upslibrary.gq
*.upsmovie.cf
*.upstabulate.gq
*.upstabulate.gq
*.upsidedowngifts.download
*.upstabulate.gq
*.upsmovie.cf
*.upstabulate.gq
*.upsmovie.cf
*.upsidedowngifts.download
*.upsmovie.cf
www.upsidedownleadership.net
*.upsmovie.cf
*.ups-offer.top
ups-offer.top
*.upsjobsinva.info
*.upslibrary.gq
www.upsee.me
www.upsilonpsi.org
*.upscalecardeal.live
*.upsidedowngifts.download
*.upscaleband.com
*.upsidedownsideup.com
*.asups-pugetsound.ml
asups-pugetsound.ml
lace-ups.co.uk
www.lace-ups.co.uk
cpanel.upstaffed.services
webmail.upstaffed.services
cpanel.upstaffed.services
webmail.upstaffed.services
*.upslibrary.gq
*.upsidedowngifts.download
www.upsidedownleadership.net
www.upstage.ch
*.upsidedowngifts.download
*.upsmovie.cf
*.upsidedowngifts.download
*.upsidedowngifts.download
*.upsidedowngifts.download
www.upscalewebdesigns.com
*.upsmovie.cf
www.upsee.me
*.upsidedowngifts.download
*.upscresult.co.in
*.upssscrecruitment.in
cpanel.upstaffed.services
webmail.upstaffed.services
*.upsidedowngifts.download
*.upsidedowngifts.download
*.ups-fashionable.top
ups-fashionable.top
*.upstabulate.gq
*.upstabulate.gq
*.upsmovie.cf
*.upslibrary.gq
*.upslibrary.gq
*.ups-offer.top
ups-offer.top
*.upsjobsinva.info
*.upscalecardeal.live
*.upsidedowngifts.download
*.upsidedowngifts.download
*.upsidedowngifts.download
*.upsmovie.cf
*.upsidedowngifts.download
*.upscresult.co.in
*.upssscrecruitment.in
cpanel.upstaffed.services
webmail.upstaffed.services
www.upsidedownleadership.net
www.upsee.me
www.upsilonpsi.org
lace-ups.co.uk
www.lace-ups.co.uk
*.upsidedowngifts.download
*.ups-fashionable.top
ups-fashionable.top
www.upsilonpsi.org
*.upsidedowngifts.download
*.upsidedowngifts.download
lace-ups.co.uk
www.lace-ups.co.uk
*.upsidedowngifts.download
*.ups-fashionable.top
ups-fashionable.top
*.upsidedowndogs.com
*.upsidedowndogs.com
*.upsidedowngifts.download
*.upsearchboxman.tk
www.upscyorku.ca
*.cups-cones.com
cups-cones.com
*.upsidedowngifts.download
*.upsearchboxman.tk
*.cups-cones.com
cups-cones.com
*.upsidedowngifts.download
*.upsmovie.cf
*.upslibrary.gq
*.upsmovie.cf
*.ups-offer.top
ups-offer.top
*.gcdz-ups.com
gcdz-ups.com
*.upscalecardeal.live
*.upsidedowngifts.download
*.upsmovie.cf
*.upsidedowngifts.download
*.upscresult.co.in
*.upssscrecruitment.in
*.upsidedowngifts.download
*.upsidedowngifts.download
*.ups-fashionable.top
ups-fashionable.top
*.ups-fashionable.top
ups-fashionable.top
*.upsmovie.cf
*.upslibrary.gq
*.upsmovie.cf
*.upsjobsinva.info
*.upsidedowngifts.download
*.upsidedowngifts.download
*.upsidedowngifts.download
*.ups-fashionable.top
ups-fashionable.top
*.upsidedowngifts.download
*.upsidedowndogs.com
*.upsidedowngifts.download
1235bdfhjorsuxyz.cloudsearch.upsellerapp.com
124569bdefghlnor.cloudsearch.upsellerapp.com
145bcdfgjnoqrwyz.cloudsearch.upsellerapp.com
34cefghilmpqruwx.cloudsearch.upsellerapp.com
356abdegjklpqtwy.cloudsearch.upsellerapp.com
469cdefjkmnopqsw.cloudsearch.upsellerapp.com
cloudsearch.upsellerapp.com
www.upsellerapp.com
*.upsidedowngifts.download
*.upstairs-books.ga
*.upscalecardeal.live
*.upsidedowndogs.com
*.upsidedowngifts.download
*.upsidedowndogs.com
*.upsidedowngifts.download
*.cups-cones.com
cups-cones.com
*.upsidedowngifts.download
*.upsidedowngifts.download
*.upsmovie.cf
*.upsidedowngifts.download
*.upscalecar.live
*.upscalecardeal.live
www.upsidedownleadership.net
www.upsee.me
www.upsilonpsi.org
lace-ups.co.uk
www.lace-ups.co.uk
www.upscyorku.ca
*.upsidedowngifts.download
*.upsidedowngifts.download
*.upstairs-books.ga
www.upscyorku.ca
*.upscalecardeal.live
1235bdfhjorsuxyz.cloudsearch.upsellerapp.com
124569bdefghlnor.cloudsearch.upsellerapp.com
145bcdfgjnoqrwyz.cloudsearch.upsellerapp.com
34cefghilmpqruwx.cloudsearch.upsellerapp.com
356abdegjklpqtwy.cloudsearch.upsellerapp.com
469cdefjkmnopqsw.cloudsearch.upsellerapp.com
cloudsearch.upsellerapp.com
www.upsellerapp.com
*.upsidedowngifts.download
*.upsidedowngifts.download
*.upsmovie.cf
*.upsidedowngifts.download
*.upsidedowngifts.download
*.upsidedowngifts.download
*.upsidedowngifts.download
*.ups-fashionable.top
ups-fashionable.top
*.upsidedowndogs.com
*.upsidedowngifts.download
*.upsearchboxman.tk
*.cups-cones.com
cups-cones.com
*.upsidedowngifts.download
*.upsidedowngifts.download
*.upsidedowngifts.download
*.upscalecardeal.live
*.upsidedowngifts.download
*.upsidedowngifts.download
*.upsmovie.cf
*.upstairsebook.ml
www.upscyorku.ca
www.upstagesptcitycomplaint.com
1235bdfhjorsuxyz.cloudsearch.upsellerapp.com
124569bdefghlnor.cloudsearch.upsellerapp.com
145bcdfgjnoqrwyz.cloudsearch.upsellerapp.com
34cefghilmpqruwx.cloudsearch.upsellerapp.com
356abdegjklpqtwy.cloudsearch.upsellerapp.com
469cdefjkmnopqsw.cloudsearch.upsellerapp.com
cloudsearch.upsellerapp.com
www.upsellerapp.com
*.upsidedowngifts.download
*.upsidedowngifts.download
*.upsidedowngifts.download
*.upsearchboxman.tk
*.upstairs-books.ga
*.upsidedowngifts.download
*.upsidedowngifts.download
*.upsidedowngifts.download
*.upsidedowngifts.download
*.upsidedowngifts.download
*.upsmovie.cf
www.upstagesptcitycomplaint.com
*.upsidedowngifts.download
www.ups.web.yoswarm.com
www.upstream-mobility.at
*.upsidedowngifts.download
*.upsidedowngifts.download
*.upstairs-books.ga
*.upscalecardeal.live
*.upsidedowngifts.download
*.upsmovie.cf
*.upsidedowngifts.download
*.upsidedowngifts.download
*.upsidedowngifts.download
*.upsidedowngifts.download
*.upsmovie.cf
*.upsidedowngifts.download
*.upsidedowngifts.download
1235bdfhjorsuxyz.cloudsearch.upsellerapp.com
124569bdefghlnor.cloudsearch.upsellerapp.com
145bcdfgjnoqrwyz.cloudsearch.upsellerapp.com
34cefghilmpqruwx.cloudsearch.upsellerapp.com
356abdegjklpqtwy.cloudsearch.upsellerapp.com
469cdefjkmnopqsw.cloudsearch.upsellerapp.com
cloudsearch.upsellerapp.com
www.upsellerapp.com
1235bdfhjorsuxyz.cloudsearch.upsellerapp.com
124569bdefghlnor.cloudsearch.upsellerapp.com
145bcdfgjnoqrwyz.cloudsearch.upsellerapp.com
34cefghilmpqruwx.cloudsearch.upsellerapp.com
356abdegjklpqtwy.cloudsearch.upsellerapp.com
469cdefjkmnopqsw.cloudsearch.upsellerapp.com
cloudsearch.upsellerapp.com
www.upsellerapp.com
www.upstagesptcitycomplaint.com
*.upslogic.co.uk
*.upslogic.co.uk
*.get-upscaleautonow.sale
get-upscaleautonow.sale
*.upscalecardeal.live
*.upsidedowngifts.download
*.upsidedowngifts.download
www.ups.web.yoswarm.com
www.upstream-mobility.at
*.upskilltime.com
*.upsmovie.cf
*.upsidedowngifts.download
*.upsmovie.cf
*.upsetopining.bid
jenkins.upsideenergy.co.uk
www.ups.forum.datanetsolutions.eu
www.ups.parcel.forum.datanetsolutions.eu
*.upsmovie.cf
*.upsmovie.cf
*.upsidedowngifts.download
*.upsidedowngifts.download
*.upsidedowngifts.download
*.upsidedowngifts.download
*.upsidedowngifts.download
*.upsidedowngifts.download
*.upsidedowngifts.download
*.upsidedowngifts.download
*.upsidedowngifts.download
hex-upsell-1511.co.uk
www.hex-upsell-1511.co.uk
*.upskilltime.com
*.upswing.media
www.upstagesptcitycomplaint.com
www.ups.web.yoswarm.com
www.upstream-mobility.at
*.upsto.re
*.upsto.re
*.upsto.re
*.upsto.re
*.upsto.re
hex-upsell-1511.co.uk
www.hex-upsell-1511.co.uk
*.upsidedowngifts.download
*.upsmovie.cf
*.upsidedowngifts.download
*.upsmovie.cf
*.upsidedowngifts.download
*.upsidedowngifts.download
hex-upsell-1511.co.uk
www.hex-upsell-1511.co.uk
*.upskilltime.com
*.upsmovie.cf
www.upsuper.org
*.upstairs-books.ga
*.upsto.re
*.upsto.re
*.upstairs-books.ga
*.upsto.re
vps9.upsuper.org
jenkins.upsideenergy.co.uk
www.ups.forum.datanetsolutions.eu
www.ups.parcel.forum.datanetsolutions.eu
www.upsuper.moe
lyrics.upsuper.moe
*.upsmovie.cf
*.upsmovie.cf
*.upsjobsinva.info
*.upsmovie.cf
*.upsjobsinva.info
www.ups.sgath.eu
*.upscalecardeal.live
*.get-upscaleautonow.sale
get-upscaleautonow.sale
*.get-upscaleautonow.sale
get-upscaleautonow.sale
www.ups.web.yoswarm.com
www.upstream-mobility.at
jenkins.upsideenergy.co.uk
www.ups.forum.datanetsolutions.eu
www.ups.parcel.forum.datanetsolutions.eu
www.upstatetattooartists.com
api.upstate.agency15.com
www.api.upstate.agency15.com
*.upsmovie.cf
www.upsuper.org
www.upsuper.moe
vps9.upsuper.org
lyrics.upsuper.moe
www.ups.sgath.eu
*.sites-googlegroups-nightly.corp.google.com
*.sites-googlegroups-qa06.corp.google.com
*.sites-googlegroups-qa07.corp.google.com
*.sites-googlegroups-qa08.corp.google.com
*.sites-googlegroups-tctest.corp.google.com
*.sites-googlegroups-nightly.corp.google.com
*.sites-googlegroups-qa06.corp.google.com
*.sites-googlegroups-qa07.corp.google.com
*.sites-googlegroups-qa08.corp.google.com
*.sites-googlegroups-tctest.corp.google.com
*.upsmovie.cf
*.upsidedowngifts.download
*.upsmovie.cf
*.upsto.re
*.upsto.re
*.upsto.re
*.upsmovie.cf
*.upsmovie.cf
*.upsjobsinva.info
*.upscalecardeal.live
*.get-upscaleautonow.sale
get-upscaleautonow.sale
*.upsmovie.cf
jenkins.upsideenergy.co.uk
www.ups.forum.datanetsolutions.eu
www.ups.parcel.forum.datanetsolutions.eu
www.upsuper.org
www.upsuper.moe
vps9.upsuper.org
lyrics.upsuper.moe
lyrics.upsuper.moe
*.sites-googlegroups-nightly.corp.google.com
*.sites-googlegroups-qa06.corp.google.com
*.sites-googlegroups-qa07.corp.google.com
*.sites-googlegroups-qa08.corp.google.com
*.sites-googlegroups-tctest.corp.google.com
*.sites-googlegroups-nightly.corp.google.com
*.sites-googlegroups-qa06.corp.google.com
*.sites-googlegroups-qa07.corp.google.com
*.sites-googlegroups-qa08.corp.google.com
*.sites-googlegroups-tctest.corp.google.com
www.ups.sgath.eu
www.upstatetattooartists.com
api.upstate.agency15.com
www.api.upstate.agency15.com
*.upsmovie.cf
*.upstairs-books.ga
*.upsto.re
*.upsto.re
*.upsto.re
*.upstairs-books.ga
*.upsmovie.cf
*.upsmovie.cf
*.upsjobsinva.info
*.upscalecardeal.live
*.upscaleauto-online.sale
www.upstatetattooartists.com
api.upstate.agency15.com
www.api.upstate.agency15.com
*.upsmovie.cf
*.upstairs-books.ga
*.upsto.re
*.upstairs-books.ga
*.upsto.re
*.get-upscaleautonow.sale
get-upscaleautonow.sale
*.upsmovie.cf
*.upsidedownprizes.party
*.sites-googlegroups-nightly.corp.google.com
*.sites-googlegroups-qa06.corp.google.com
*.sites-googlegroups-qa07.corp.google.com
*.sites-googlegroups-qa08.corp.google.com
*.sites-googlegroups-tctest.corp.google.com
*.sites-googlegroups-nightly.corp.google.com
*.sites-googlegroups-qa06.corp.google.com
*.sites-googlegroups-qa07.corp.google.com
*.sites-googlegroups-qa08.corp.google.com
*.sites-googlegroups-tctest.corp.google.com
*.upsearchlabs.tk
www.upsuper.org
www.upsuper.moe
vps9.upsuper.org
lyrics.upsuper.moe
www.ups.sgath.eu
www.upstatetattooartists.com
api.upstate.agency15.com
www.api.upstate.agency15.com
*.upscalecaroffers.live
*.upsidedownprizes.party
*.upsidedowngifts.download
*.upstatenybasementfinishing.com
*.upstatenybasementfinishing.com
*.upstatenybasementfinishing.com
*.upsdin.cf
*.upsdin.cf
*.upsdin.cf
*.upset-ebooks.cf
*.upsdin.cf
*.upset-ebooks.cf
*.upstatenybasementfinishing.com
*.upsunhst.gq
*.upstatenybasementfinishing.com
*.upsdin.cf
*.sites-googlegroups-nightly.corp.google.com
*.sites-googlegroups-qa06.corp.google.com
*.sites-googlegroups-qa07.corp.google.com
*.sites-googlegroups-qa08.corp.google.com
*.sites-googlegroups-tctest.corp.google.com
*.sites-googlegroups-nightly.corp.google.com
*.sites-googlegroups-qa06.corp.google.com
*.sites-googlegroups-qa07.corp.google.com
*.sites-googlegroups-qa08.corp.google.com
*.sites-googlegroups-tctest.corp.google.com
*.upsearchlabs.tk
*.upsidedowngifts.download
*.upset-ebooks.cf
ups-service.manage.pisines.gr
www.ups-service.manage.pisines.gr
*.upsdin.cf
*.upsdin.cf
*.upsearchlabs.tk
*.upsidedownprizes.party
*.upsidedowngifts.download
*.upsdin.cf
*.upset-ebooks.cf
*.upsdin.cf
*.upstatenybasementfinishing.com
*.upstatenybasementfinishing.com
*.upstatenybasementfinishing.com
*.upsdin.cf
*.upsidedownprizes.party
*.upsdin.cf
*.upsdin.cf
*.upset-ebooks.cf
*.upstatenybasementfinishing.com
*.upsunhst.gq
*.upstatenybasementfinishing.com
*.upsdin.cf
*.upstatenybasementfinishing.com
*.upstatenybasementfinishing.com
*.upsunhst.gq
*.upstatenybasementfinishing.com
www.upswinggroup.com
*.upsidetown.com
*.upsdin.cf
*.upsdin.cf
*.upsdin.cf
ups-service.manage.pisines.gr
www.ups-service.manage.pisines.gr
*.upsmovie.cf
*.upsdin.cf
autodiscover.upset.net.au
cpanel.upset.net.au
mail.upset.net.au
webdisk.upset.net.au
webmail.upset.net.au
www.upset.net.au
*.book-ups.cf
book-ups.cf
www.upstateresist.com
*.upsdin.cf
*.upscstudent.com
*.upscstudent.com
www.upsgianguyen.vn
*.ups-spot.top
ups-spot.top
www.upsuplementosloja.com.br
*.upsdin.cf
*.upsdin.cf
*.upsdin.cf
www.upswinggroup.com
*.upsdin.cf
autodiscover.upset.net.au
cpanel.upset.net.au
mail.upset.net.au
webdisk.upset.net.au
webmail.upset.net.au
www.upset.net.au
*.upstream-tracker.eu.org
www.upstateresist.com
*.upsdin.cf
ups-service.manage.pisines.gr
www.ups-service.manage.pisines.gr
www.upswinggroup.com
autodiscover.upset.net.au
cpanel.upset.net.au
mail.upset.net.au
webdisk.upset.net.au
webmail.upset.net.au
www.upset.net.au
*.upsdin.cf
*.upskirtcollection.com
*.upsidetown.com
*.upsdin.cf
*.upsdin.cf
*.upsmovie.cf
*.upsdin.cf
ups-service.manage.pisines.gr
www.ups-service.manage.pisines.gr
*.upsdin.cf
*.upsdin.cf
*.upstream-tracker.eu.org
www.upswinggroup.com
autodiscover.upset.net.au
cpanel.upset.net.au
mail.upset.net.au
webdisk.upset.net.au
webmail.upset.net.au
www.upset.net.au
*.upsdin.cf
*.upsdin.cf
*.upstralawlainfinio.info
www.upstateresist.com
*.upsdin.cf
*.ups-initial.top
ups-initial.top
www.upsgianguyen.vn
www.upsuplementosloja.com.br
*.upset-ebooks.cf
*.upstatenybasementfinishing.com
*.upstatenybasementfinishing.com
*.upsunhst.gq
*.upstatenybasementfinishing.com
*.upsdin.cf
*.upsdin.cf
*.upsidetown.com
*.upsmovie.cf
*.upsdin.cf
*.upsdin.cf
*.upsdin.cf
*.ups-spot.top
ups-spot.top
*.upsdin.cf
*.upsdin.cf
*.upsdin.cf
*.upsidedowngifts.download
www.upsgianguyen.vn
www.upsuplementosloja.com.br
*.upsdin.cf
*.upsdin.cf
*.upstralawlainfinio.info
*.upstralalainfiniwo.info
*.upstralalainfiniwo.info
*.upsdin.cf
*.upsdin.cf
*.upsdin.cf
*.upsdin.cf
*.ups-spot.top
ups-spot.top
*.upstream-tracker.eu.org
*.upsdin.cf
*.upsdin.cf
*.upsdin.cf
*.upstralawlainfinio.info
*.upsdin.cf
*.upsdin.cf
*.upstralalainfiniwo.info
*.ups-dreading.gq
ups-dreading.gq
*.ups-dreading.gq
ups-dreading.gq
*.upsmovies.cf
*.upscstudent.com
*.upsdin.cf
*.upsdin.cf
*.narrated-ups.cf
narrated-ups.cf
*.french-upset.ml
french-upset.ml
*.upsmovies.cf
*.french-upset.ml
french-upset.ml
*.upstatus.co
*.french-upset.ml
french-upset.ml
*.french-upset.ml
french-upset.ml
*.upstatus.co
*.upsidesanta.com
*.ups-dreading.gq
ups-dreading.gq
*.ups-dreading.gq
ups-dreading.gq
www.upstateresist.com
www.upsgianguyen.vn
www.upsuplementosloja.com.br
*.upsdin.cf
*.upsdin.cf
*.upsdin.cf
*.upsdin.cf
*.upstralawlainfinio.info
*.upstralalainfiniwo.info
*.upstralalainfiniwo.info
*.upsdin.cf
*.narrated-ups.cf
narrated-ups.cf
*.french-upset.ml
french-upset.ml
*.upsmovies.cf
*.french-upset.ml
french-upset.ml
*.upstatus.co
www.upshotz.com
www.upstatecreativephotography.com
www.upscaleimages.net
www.upsphotography.com
*.upstralalainfiniwo.info
*.upskillcourses.com
*.ups-certified.top
ups-certified.top
*.upsdin.cf
*.gcdz-ups.com
gcdz-ups.com
*.gcdz-ups.com
gcdz-ups.com
*.upsdin.cf
*.upsdin.cf
*.upstralalainfiniwo.info
*.upsdin.cf
*.gcdz-ups.com
gcdz-ups.com
*.gcdz-ups.com
gcdz-ups.com
*.gcdz-ups.com
gcdz-ups.com
*.upsdin.cf
*.ups-dreading.gq
ups-dreading.gq
*.upsmovies.cf
*.french-upset.ml
french-upset.ml
*.upsidesanta.com
*.french-upset.ml
french-upset.ml
*.ups-dreading.gq
ups-dreading.gq
www.upslope.in
www.upstudiova.com
*.french-upset.ml
french-upset.ml
*.ups-dreading.gq
ups-dreading.gq
*.upstralalainfiniwo.info
*.upstralalainfiniwo.info
*.upskew.com
*.upskillcourses.com
*.ups-certified.top
ups-certified.top
*.ups-certified.top
ups-certified.top
www.upshotz.com
www.upstatecreativephotography.com
*.get-upscaleautonow.sale
get-upscaleautonow.sale
*.csgo-upskins.ru
*.naughty-hookups-tonight.com
csgo-upskins.ru
naughty-hookups-tonight.com
*.ups-dreading.gq
ups-dreading.gq
*.narrated-ups.cf
narrated-ups.cf
*.french-upset.ml
french-upset.ml
*.upstatus.co
*.upsidesanta.com
*.upskew.com
*.upskew.com
*.ups-certified.top
ups-certified.top
*.upsdirect.uk
*.upsdirect.co.uk
*.upsdirect.com
*.upside-richest.ga
*.upsmovie.cf
*.upslibrary.gq
*.french-upset.ml
french-upset.ml
*.upstreamfoundation.org
*.upstreamfoundation.org
www.upstatepodiatry.com
www.upscaleimages.net
www.upsphotography.com
www.upslope.in
www.upstudiova.com
*.get-upscaleautonow.sale
get-upscaleautonow.sale
*.upsdirect.uk
*.upsdirect.co.uk
*.upsdirect.com
*.ups-pristine.top
ups-pristine.top
*.ups-fine.top
ups-fine.top
*.ups-skirt.top
ups-skirt.top
*.upsi.hr
*.upsi.hr
*.upsi.hr
*.upsi.hr
*.upscaleup.com
*.upscaleup.com
*.upscaleup.com
*.get-upscaleautonow.sale
get-upscaleautonow.sale
*.upset.pw
www.upshotz.com
www.upstatecreativephotography.com
www.upscaleimages.net
www.upsphotography.com
ups-parcel.cloud.sgath.eu
www.ups-parcel.cloud.sgath.eu
www.upslope.in
www.upstudiova.com
www.upshotz.com
www.upstatecreativephotography.com
www.upscaleimages.net
www.upsphotography.com
*.french-upset.ml
french-upset.ml
*.ups-dreading.gq
ups-dreading.gq
*.upskillcourses.com
*.ups-certified.top
ups-certified.top
*.upstralalainfiniwo.info
*.upstralalainfiniwo.info
*.get-upscaleautonow.sale
get-upscaleautonow.sale
*.upsdirect.uk
*.upsdirect.co.uk
*.upsdirect.com
*.ups-pristine.top
ups-pristine.top
*.ups-skirt.top
ups-skirt.top
www.upslope.in
www.upstudiova.com
www.ups.pisines.gr
*.upset.pw
*.get-upscaleautonow.sale
get-upscaleautonow.sale
www.upstatepodiatry.com
*.upskew.com
*.upskillcourses.com
*.upstralalainfiniwo.info
*.upstralalainfiniwo.info
*.get-upscaleautonow.sale
get-upscaleautonow.sale
*.ups-fine.top
ups-fine.top
*.ups-pristine.top
ups-pristine.top
*.upsi.hr
*.upsi.hr
www.upsparcel.forum.datanetsolutions.eu
www.upstatepodiatry.com
*.get-upscaleautonow.sale
get-upscaleautonow.sale
*.get-upscaleautonow.sale
get-upscaleautonow.sale
*.ups-fine.top
ups-fine.top
ups-parcel.cloud.sgath.eu
www.ups-parcel.cloud.sgath.eu
*.ups-modish.top
ups-modish.top
*.upsigndown.com
*.ups-fine.top
ups-fine.top
*.ups-modish.top
ups-modish.top
*.upstairsebook.cf
*.upscalefoundation.org
www.upsidenutrition.com.au
www.upsuperiordesign.com
*.upscore.org
*.depressed-upside.ga
depressed-upside.ga
www.upstatedronezone.com
*.upsdirect.uk
*.upsdirect.co.uk
*.upsdirect.com
*.ups-fine.top
ups-fine.top
*.ups-skirt.top
ups-skirt.top
*.get-upscaleautonow.sale
get-upscaleautonow.sale
*.book-ups.cf
book-ups.cf
emerson.upssizingtool.asia
www.upssizingtool.asia
*.upscstudent.com
*.get-upscaleautonow.sale
get-upscaleautonow.sale
*.ups-initial.top
ups-initial.top
*.ups-fine.top
ups-fine.top
*.upscalecleaning.ca
*.upscaleband.com
*.upscdada.in
www.ups.pisines.gr
concrete-upstream.endlesss.io
drupal-upstream.endlesss.io
joomla-upstream.endlesss.io
nextcloud-upstream.endlesss.io
phpmyadmin-upstream.endlesss.io
*.upsigndown.com
www.upsparcel.forum.datanetsolutions.eu
*.depressed-upside.ga
depressed-upside.ga
www.upsidenutrition.com.au
www.upsuperiordesign.com
www.upstatedronezone.com
*.pups-sex.info
pups-sex.info
*.upshortly.com
*.upsales.ru
*.upsogzacools.ml
*.upstrtr.com
*.upsilonglobal.co.uk
*.ups-delightful.top
ups-delightful.top
*.pups-sex.info
pups-sex.info
*.upsales.ru
*.upsogzacools.ml
www.upstatepodiatry.com
ups-parcel.cloud.sgath.eu
www.ups-parcel.cloud.sgath.eu
www.ups.pisines.gr
www.upsparcel.forum.datanetsolutions.eu
*.ups-delightful.top
ups-delightful.top
*.ups-delightful.top
ups-delightful.top
*.upslotscasino.com
*.upscalecleaning.ca
*.upscaledatingservices.com
www.upsidenutrition.com.au
www.upsuperiordesign.com
www.upstatedronezone.com
*.get-upscaleautonow.sale
get-upscaleautonow.sale
*.upset.pw
*.get-upscaleautonow.sale
get-upscaleautonow.sale
*.ups-modish.top
ups-modish.top
*.upscore.org
*.depressed-upside.ga
depressed-upside.ga
*.upscalecleaning.ca
*.pups-sex.info
pups-sex.info
*.upshortly.com
*.upslotscasino.com
autodiscover.upstep.com.br
cpanel.upstep.com.br
mail.upstep.com.br
webdisk.upstep.com.br
webmail.upstep.com.br
www.upstep.com.br
ups-parcel.cloud.sgath.eu
www.ups-parcel.cloud.sgath.eu
www.upswinggroup.globaltheology.org
www.ups.pisines.gr
www.upsparcel.forum.datanetsolutions.eu
www.upsidenutrition.com.au
www.upsidenutrition.com.au
www.upsuperiordesign.com
www.upstatedronezone.com
guests.upstreet.io
www.ups.ilekkasvet.eu
concrete-upstream.endlesss.io
drupal-upstream.endlesss.io
joomla-upstream.endlesss.io
nextcloud-upstream.endlesss.io
phpmyadmin-upstream.endlesss.io
*.upset.pw
*.ups-fine.top
ups-fine.top
emerson.upssizingtool.asia
www.upssizingtool.asia
*.upscstudent.com
*.upslotscasino.com
*.upsilonglobal.co.uk
*.ups-delightful.top
ups-delightful.top
*.upsidedowngifts.download
*.ups-modish.top
ups-modish.top
concrete-upstream.endlesss.io
drupal-upstream.endlesss.io
joomla-upstream.endlesss.io
nextcloud-upstream.endlesss.io
phpmyadmin-upstream.endlesss.io
*.upskirt3.com
*.upscore.org
*.top-upscalecar.live
top-upscalecar.live
*.upscalehype.com
*.upscalehype.com
*.get-upscaleautonow.sale
get-upscaleautonow.sale
*.upscore.org
*.upsigndown.com
*.gcdz-ups.com
gcdz-ups.com
*.gcdz-ups.com
gcdz-ups.com
*.gcdz-ups.com
gcdz-ups.com
*.french-upset.ml
french-upset.ml
*.upstreamfoundation.org
*.upstreamfoundation.org
www.upstartadvice.com
www.upstatebeautyny.com
www.upstatebookkeeperbooker.com
www.upstatecalifornian.com
www.upstatecarolinian.org
www.upstatedowntownny.com
www.upstatemoderndelivery.com
www.upstatenewyorkcities.com
www.upstatenyaatsp.org
www.upstatenypermaculture.net
www.upstatenysportsreport.com
www.upstatenyupdates.blog
www.upstatepathologysc.com
www.upstaterepublic.com
www.upstaterunner.com
www.upstatewest.com
www.upstatewoodcraft.com
www.upstichery.com
www.upstreambook.com
www.upstreamhealthinnovations.org
www.upstreaminvestorupdate.com
www.upstreamistlawyer.com
www.upstreammarketinguk.com
www.upstreamswimmer.com
*.upsi.hr
*.upsi.hr
*.get-upscaleautonow.sale
get-upscaleautonow.sale
*.upscaleup.com
*.upstairsebook.cf
*.depressed-upside.ga
depressed-upside.ga
autodiscover.upstep.com.br
cpanel.upstep.com.br
mail.upstep.com.br
webdisk.upstep.com.br
webmail.upstep.com.br
www.upstep.com.br
materiais.upsoul.com.br
*.upscdada.in
blog.upsidedownsupply.com
www.upsidedownacs.com
www.upsidedownbethlehem.com
www.upsidedowncanuck.com
www.upsidedownchronicles.com
www.upsidedownfilms.com
www.upsidedownhomecures.com
www.upsidedownhomestead.com
www.upsideofif.com
www.upsideordownside.com
www.upsilonmuzeta.org
www.upslopeeffect.com
www.upslupus.com
www.upsoar.info
www.upspiralcreative.com
www.upspringonline.com
www.upspringstudio.com
www.upsrei.com
www.upstagedbydesign.com
www.upstagedvancouver.ca
www.upstagegroup.com
www.upstairlife.com
www.upstairsbirdie.com
www.upstairsdownstairs.org
www.upstairsdownstairsonline.com
www.upstairsrenovations.com
www.upstreet13.com
www.upstudioparis.com
www.upswingfarm.com
www.upswingmuse.com
*.upservices.ca
*.upscalecarnow.market
*.upstairsebook.ga
*.upstairsebook.ga
*.ups-extreme.top
ups-extreme.top
*.upscalecleaning.ca
*.upscaleband.com
*.upstairsebook.cf
*.upstairsebook.cf
*.upstabulate.tk
www.upscale.ch
*.upstream-investor.com
*.upsales.ru
*.upsogzacools.ml
*.upstrtr.com
*.upskew.com
*.upstairsebook.gq
*.upslotscasino.com
*.upsilonglobal.co.uk
www.upstateautospa.co
*.upsfoot.com
*.upscalecleaning.ca
www.upstreamsupplies.com
*.ups-delightful.top
ups-delightful.top
*.upstairsebook.tk
*.upstairsebook.tk
*.get-upscalecar-now.sale
get-upscalecar-now.sale
*.upstocktrading.com
*.get-upscaleautonow.sale
get-upscaleautonow.sale
*.upscalehype.com
*.upscalehype.com
*.get-upscalecar-now.sale
get-upscalecar-now.sale
*.ups-skirt.top
ups-skirt.top
*.upsetrecoveryapp.com
*.upset-ebooks.cf
*.upside-richest.ga
www.upstartadvice.com
www.upstatebeautyny.com
www.upstatebookkeeperbooker.com
www.upstatecalifornian.com
www.upstatecarolinian.org
www.upstatedowntownny.com
www.upstatemoderndelivery.com
www.upstatenewyorkcities.com
www.upstatenyaatsp.org
www.upstatenypermaculture.net
www.upstatenysportsreport.com
www.upstatenyupdates.blog
www.upstatepathologysc.com
www.upstaterepublic.com
www.upstaterunner.com
www.upstatewest.com
www.upstatewoodcraft.com
www.upstichery.com
www.upstreambook.com
www.upstreamhealthinnovations.org
www.upstreaminvestorupdate.com
www.upstreamistlawyer.com
www.upstreammarketinguk.com
www.upstreamswimmer.com
*.upsi.hr
*.upsigndown.com
*.upscalepages.com
autodiscover.upstep.com.br
cpanel.upstep.com.br
mail.upstep.com.br
webdisk.upstep.com.br
webmail.upstep.com.br
www.upstep.com.br
materiais.upsoul.com.br
www.upstreet13.com
www.upstudioparis.com
www.upswingfarm.com
www.upswingmuse.com
blog.upsidedownsupply.com
www.upsidedownacs.com
www.upsidedownbethlehem.com
www.upsidedowncanuck.com
www.upsidedownchronicles.com
www.upsidedownfilms.com
www.upsidedownhomecures.com
www.upsidedownhomestead.com
www.upsideofif.com
www.upsideordownside.com
www.upsilonmuzeta.org
www.upslopeeffect.com
www.upslupus.com
www.upsoar.info
www.upspiralcreative.com
www.upspringonline.com
www.upspringstudio.com
www.upsrei.com
www.upstagedbydesign.com
www.upstagedvancouver.ca
www.upstagegroup.com
www.upstairlife.com
www.upstairsbirdie.com
www.upstairsdownstairs.org
www.upstairsdownstairsonline.com
www.upstairsrenovations.com
*.upscore.org
*.upstairsebook.ga
*.upside-neighbor.gq
*.upstairsebook.cf
*.upscaapital.tk
*.upstabulate.tk
*.upser.co
*.upsers.co
*.upscdada.in
*.get-upscaleautonow.sale
get-upscaleautonow.sale
*.upscalehype.com
*.upstocktrading.com
*.upscore.org
*.get-upscaleautonow.sale
get-upscaleautonow.sale
*.upser.co
*.upsers.co
www.upscale.ch
www.upscale.ch
*.upscale-carnow.live
*.upscaleband.com
*.startups-netzwerk.de
startups-netzwerk.de
*.upscaleband.com
www.upstateautospa.co
www.upstreamsupplies.com
*.pups-sex.info
pups-sex.info
*.upstairsebook.tk
*.upstatedui.com
*.upshortly.com
*.upsales.ru
*.upsogzacools.ml
*.upstrtr.com
*.upsilonglobal.co.uk
*.upscalecleaning.ca
*.ups-delightful.top
ups-delightful.top
www.upstreamcontractors.com
*.upscaledatingservices.com
*.ups-delightful.top
ups-delightful.top
www.upstairsatthewaterfront.com
www.upswinggroup.globaltheology.org
staging.upsycare.com
www.upsycare.com
*.upscmarine.com.sg
*.upscore.org
guests.upstreet.io
www.ups.ilekkasvet.eu
*.ups-initial.top
ups-initial.top
*.upscalehype.com
www.upsparcel.pisines.gr
*.upscalehype.com
*.get-upscaleautonow.sale
get-upscaleautonow.sale
*.upsi.site
*.upscore.org
*.get-upscaleautonow.sale
get-upscaleautonow.sale
*.upscore.org
*.ups-skirt.top
ups-skirt.top
*.get-upscaleautonow.sale
get-upscaleautonow.sale
*.upsetrecoveryapp.com
*.get-upscaleautonow.sale
get-upscaleautonow.sale
*.siel-ups.ru
siel-ups.ru
*.upscalehype.com
*.get-upscaleautonow.sale
get-upscaleautonow.sale
*.siel-ups.ru
siel-ups.ru
concrete-upstream.endlesss.io
drupal-upstream.endlesss.io
joomla-upstream.endlesss.io
nextcloud-upstream.endlesss.io
phpmyadmin-upstream.endlesss.io
www.upswinggroup.globaltheology.org
guests.upstreet.io
www.ups.ilekkasvet.eu
xn--upsde-p4a.com
web.xn--upsde-p4a.com
www.xn--upsde-p4a.com
*.upsrush.top
*.ups-top.top
ups-top.top
*.upscalehype.com
*.upscalehype.com
*.upss.tk
*.upsellhouse.com
*.upscalecardeal.live
*.upservices.ca
*.upscalecarnow.market
*.upscalecarnow.market
*.upscaledatingservices.com
*.ups-delightful.top
ups-delightful.top
*.get-upscaleautonow.sale
get-upscaleautonow.sale
*.upskirt3.com
*.upscore.org
*.top-upscalecar.live
top-upscalecar.live
*.upscalehype.com
*.upscalehype.com
*.get-upscaleautonow.sale
get-upscaleautonow.sale
*.ups-skirt.top
ups-skirt.top
*.ups-skirt.top
ups-skirt.top
*.get-upscaleautonow.sale
get-upscaleautonow.sale
*.upsetrecoveryapp.com
*.get-upscaleautonow.sale
get-upscaleautonow.sale
*.siel-ups.ru
siel-ups.ru
*.get-upscaleautonow.sale
get-upscaleautonow.sale
www.upswinggroup.globaltheology.org
guests.upstreet.io
www.ups.ilekkasvet.eu
*.upstairsebook.ga
*.upstairsebook.ga
*.upscalecardeal.live
*.upscalehype.com
*.upscalehype.com
*.upscalehype.com
*.siel-ups.ru
siel-ups.ru
xot.upswell.io
*.upstairsebook.ga
www.upsparcel.pisines.gr
*.upside-neighbor.gq
*.ups-extreme.top
ups-extreme.top
*.upstairsebook.cf
*.upstairsebook.cf
www.upstreamcontractors.com
*.get-upscaleautonow.sale
get-upscaleautonow.sale
*.upscalecardeal.live
*.upstairsebook.cf
*.upscaapital.tk
*.upsrush.top
*.ups-top.top
ups-top.top
*.upscalehype.com
*.upscalehype.com
www.upstairsatthewaterfront.com
www.upsparcel.pisines.gr
*.upss.tk
*.ups-top.top
ups-top.top
*.upscalecardeal.live
*.upscalehype.com
*.ups-top.top
ups-top.top
staging.upsycare.com
www.upsycare.com
*.upscalehype.com
*.upscalehype.com
*.upscalehype.com
*.siel-ups.ru
siel-ups.ru
*.ups-top.top
ups-top.top
xn--upsde-p4a.com
web.xn--upsde-p4a.com
www.xn--upsde-p4a.com
*.upscaleband.com
*.upscore.org
*.upss.tk
*.upskirt3.com
*.upscalehype.com
*.get-upscaleautonow.sale
get-upscaleautonow.sale
*.upscalecardeal.live
*.get-upscalecar-now.sale
get-upscalecar-now.sale
*.ups-skirt.top
ups-skirt.top
*.get-upscaleautonow.sale
get-upscaleautonow.sale
*.upstocktrading.com
*.upscore.org
*.get-upscaleautonow.sale
get-upscaleautonow.sale
*.upser.co
*.upsers.co
*.upstandinghealth.com
*.upstabulate.tk
*.upstabulate.tk
*.upscalehype.com
*.upset-ebooks.cf
www.upstreamcontractor.com
*.get-upscaleautonow.sale
get-upscaleautonow.sale
www.upstreamopportunities.com
www.upstairshobbyroom.com
*.upsellhouse.com
*.gcdz-ups.com
gcdz-ups.com
*.upsrush.top
*.ups-top.top
ups-top.top
*.upscalecardeal.live
www.upsettheestablishment.com
*.ups-top.top
ups-top.top
*.ups-online.com.ar
ups-online.com.ar
*.top-upscalecar.live
top-upscalecar.live
*.upscalehype.com
*.get-upscalecar-now.sale
get-upscalecar-now.sale
*.upsetrecoveryapp.com
*.upstocktrading.com
*.get-upscaleautonow.sale
get-upscaleautonow.sale
*.upser.co
*.upsers.co
*.get-upscaleautonow.sale
get-upscaleautonow.sale
*.siel-ups.ru
siel-ups.ru
*.upscalehype.com
*.upsdramatically.gq
www.upstreamcontractor.com
www.upstreamopportunities.com
*.upss.tk
*.upsellhouse.com
*.upscalecardeal.live
*.upsigndown.com
*.upsigndown.com
*.upscalehype.com
*.upscalehype.com
www.upsettheestablishment.com
*.upscalehype.com
*.siel-ups.ru
siel-ups.ru
*.ups-top.top
ups-top.top
*.upscalecardeal.live
*.upscalehype.com
*.upstatebooks.cf
*.upstatebooks.cf
*.g-ups-reviews.ga
g-ups-reviews.ga
*.upscalehype.com
*.upscalehype.com
xot.upswell.io
*.ups-top.top
ups-top.top
*.upsigndown.com
www.upstairshobbyroom.com
*.upsigndown.com
www.upsparcel.pisines.gr
xn--upsde-p4a.com
web.xn--upsde-p4a.com
www.xn--upsde-p4a.com
www.upstreamedia.co.uk
xot.upswell.io
*.upstream-investor.com
www.upstairshobbyroom.com
*.upspowersupplies.net
*.upscale-carnow.live
segment.upsell-apps.com
xn--upsde-p4a.com
web.xn--upsde-p4a.com
www.xn--upsde-p4a.com
*.upss.tk
*.upscalecardeal.live
*.upsrush.top
*.ups-top.top
ups-top.top
*.upscalecardeal.live
*.upscalehype.com
*.upscalehype.com
*.ups-top.top
ups-top.top
*.upss.tk
*.ups-top.top
ups-top.top
*.upscalehype.com
*.upscalehype.com
*.ups-online.com.ar
ups-online.com.ar
*.upsigndown.com
segment.upsell-apps.com
segment.upsell-apps.com
xot.upswell.io
*.upspowersupplies.net
*.upspowersupplies.net
www.upstairshobbyroom.com
*.upscalehype.com
*.upscalehype.com
*.upscalehype.com
*.gcdz-ups.com
gcdz-ups.com
*.gcdz-ups.com
gcdz-ups.com
*.siel-ups.ru
siel-ups.ru
*.ups-top.top
ups-top.top
*.upss.tk
*.upss.tk
*.upscalecardeal.live
*.upscale-automotive.com
*.upscale-automotive.com
*.upstairsebook.gq
*.ups-reviews.gq
ups-reviews.gq
www.energy-ups.com
energy-ups.com
*.upscalehype.com
*.upscalehype.com
*.upstream-investor.com
*.gcdz-ups.com
gcdz-ups.com
*.gcdz-ups.com
gcdz-ups.com
*.gcdz-ups.com
gcdz-ups.com
*.gcdz-ups.com
gcdz-ups.com
*.gcdz-ups.com
gcdz-ups.com
*.gcdz-ups.com
gcdz-ups.com
*.gcdz-ups.com
gcdz-ups.com
*.gcdz-ups.com
gcdz-ups.com
*.upsign.co.uk
*.ups-top.top
ups-top.top
*.upsanddowns.club
*.ups-skirt.top
ups-skirt.top
*.ups-skirt.top
ups-skirt.top
www.upstreamedia.co.uk
*.upspowersupplies.net
segment.upsell-apps.com
*.ups-top.top
ups-top.top
*.ups-top.top
ups-top.top
*.upsigndown.com
*.upsigndown.com
*.upsigndown.com
*.upspowersupplies.net
ups-us-208.track-my-shipment.com
*.ups-skirt.top
ups-skirt.top
*.ups-skirt.top
ups-skirt.top
*.upskew.com
*.upskew.com
*.upskew.com
*.ups-top.top
ups-top.top
www.energy-ups.com
energy-ups.com
*.ups-online.com.ar
ups-online.com.ar
*.upstairsebook.gq
*.upstairsebook.gq
*.gcdz-ups.com
gcdz-ups.com
*.gcdz-ups.com
gcdz-ups.com
*.gcdz-ups.com
gcdz-ups.com
*.gcdz-ups.com
gcdz-ups.com
*.gcdz-ups.com
gcdz-ups.com
*.gcdz-ups.com
gcdz-ups.com
*.gcdz-ups.com
gcdz-ups.com
*.gcdz-ups.com
gcdz-ups.com
*.gcdz-ups.com
gcdz-ups.com
*.ups-top.top
ups-top.top
*.upsign.co.uk
*.upsigndown.com
*.upsigndown.com
*.upsigndown.com
*.upspowersupplies.net
*.upspowersupplies.net
*.upstairsebook.ml
*.upstairsebook.ml
*.startups-netzwerk.de
startups-netzwerk.de
*.upsouq.com
*.upscaleband.com
*.upscaleband.com
segment.upsell-apps.com
ups-us-208.track-my-shipment.com
*.hookups-club.com
hookups-club.com
*.upstairs.cf
www.upstreamedia.co.uk
*.upsmovie.cf
*.upstairs.cf
segment.upsell-apps.com
www.upstagedhomestaging.ca
segment.upsell-apps.com
*.upsfoot.com
ups-us-208.track-my-shipment.com
www.upstreamedia.co.uk
*.upspowersupplies.net
*.upspowersupplies.net
*.upspowersupplies.net
*.ups-skirt.top
ups-skirt.top
segment.upsell-apps.com
*.ups-skirt.top
ups-skirt.top
segment.upsell-apps.com
*.upsubprimecreditcards.com
ups-us-208.track-my-shipment.com
*.ups-skirt.top
ups-skirt.top
*.ups-skirt.top
ups-skirt.top
*.upscalecarsites.sale
*.upson.fr
*.upstairsebook.tk
*.upstairsebook.tk
*.upstairsebook.tk
www.upstagedhomestaging.ca
*.upsmovie.cf
*.upstatedui.com
*.hookups-here.com
*.hookups-search.com
hookups-here.com
hookups-search.com
*.ups-skirt.top
ups-skirt.top
*.ups-skirt.top
ups-skirt.top
*.ups-skirt.top
ups-skirt.top
www.upsanddownes.com
www.upsanddownsdemiamiga.com
www.upsanddownsmum.com
www.upsaude.net
www.upscaledirtbag.com
www.upscalegreeks.com
www.upsdownsanddeviations.com
www.upseadroneworx.com
www.upseminterns.com
www.upsetanimals.com
www.upshiftengineering.com
www.upshiftracing.com
www.upshotap.com
www.upside.marketing
www.upsideassembly.com
www.upsidebride.com
www.upsidedance.com
www.upstatecfp.com
*.upsubprimecreditcards.com
*.upservices.ca
*.upservices.ca
*.upsmovie.cf
*.upsigndown.com
*.hookups-here.com
*.hookups-search.com
hookups-here.com
hookups-search.com
*.upsigndown.com
*.upsigndown.com
*.upsigndown.com
*.upsigndown.com
www.upstagedhomestaging.ca
*.upsmovie.cf
*.upsubprimecreditcards.com
*.upsmovie.cf
*.hookups-here.com
*.hookups-search.com
hookups-here.com
hookups-search.com
*.upsigndown.com
*.upsale.site
*.upsale.site
www.upstagedhomestaging.ca
*.upsetlibrary.ml
*.best-upscalecar.sale
best-upscalecar.sale
xot.upswell.io
www.upsizemylife.com
*.upsellbox.com
*.upsmovie.cf
www.upstarts.net
*.upsigndown.com
*.hookups-here.com
*.hookups-search.com
hookups-here.com
hookups-search.com
*.upsigndown.com
*.upsigndown.com
*.upstream-tracker.eu.org
*.upstatehomeseller.com
*.upsigndown.com
www.upsouthapparel.com
*.upsigndown.com
barclays-online.groups-intl.com
www.barclays-online.groups-intl.com
*.upsigndown.com
www.upsizemylife.com
*.upside.holdings
mantis.upstream.cloud
*.book-ups.cf
book-ups.cf
*.upstatehomeseller.com
*.upstartplanner.com
xot.upswell.io
*.upstream-tracker.eu.org
www.upstarts.net
eniaweb.upsource.eu
wd-temp001.upsource.eu
www.eniaweb.upsource.eu
www.wd-temp001.upsource.eu
www.upsouthapparel.com
*.upsetlibrary.ml
*.upsamo.com
xot.upswell.io
www.upstarts.net
*.upstartplanner.com
*.upstatehomeseller.com
*.upstream-tracker.eu.org
*.upstream-tracker.eu.org
www.upservice.pro
xot.upswell.io
www.upstarts.net
www.upsouthapparel.com
barclays-online.groups-intl.com
www.barclays-online.groups-intl.com
www.freer-f-session.upsidedownsphotography.org
freer-f-session.upsidedownsphotography.org
mantis.upstream.cloud
*.upsetlibrary.ml
barclays-online.groups-intl.com
www.barclays-online.groups-intl.com
mantis.upstream.cloud
eniaweb.upsource.eu
wd-temp001.upsource.eu
www.eniaweb.upsource.eu
www.wd-temp001.upsource.eu
*.upsmarttv.com
*.upsmarttv.com
www.upsanddownes.com
www.upsanddownsdemiamiga.com
www.upsanddownsmum.com
www.upsaude.net
www.upscaledirtbag.com
www.upscalegreeks.com
www.upsdownsanddeviations.com
www.upseadroneworx.com
www.upseminterns.com
www.upsetanimals.com
www.upshiftengineering.com
www.upshiftracing.com
www.upshotap.com
www.upside.marketing
www.upsideassembly.com
www.upsidebride.com
www.upsidedance.com
www.upstatecordbloodbank.com
www.upshiftmusic.com
www.upscalehardwood.com
www.upsidelifeskill.com
smarteucookiebanner.upsell-apps.com
www.upsop.com
www.upsidedovvn.com
www.upshockstudios.com
cpanel.upsilog.com
mail.upsilog.com
webdisk.upsilog.com
webmail.upsilog.com
whm.upsilog.com
www.upsilog.com
www.upshockstudios.com
cpanel.upsilog.com
mail.upsilog.com
webdisk.upsilog.com
webmail.upsilog.com
whm.upsilog.com
www.upsilog.com
www.upsilongallery.com
www.upstatenydemolition.com
cpanel.upspetdelivery.com
mail.upspetdelivery.com
webdisk.upspetdelivery.com
webmail.upspetdelivery.com
www.upspetdelivery.com
www.upstateleaders.com
www.upstatenyccim.com
www.upselect.com
www.upstatenystudio.com
www.upsoical.com
www.upskillmastery.com
mail.upstapp.com
webmail.upstapp.com
www.upstapp.com
www.upshotmgdev1.com
www.upstatecfp.com
www.upstagedesignservices.com
www.upstatehashers.com
www.upswingkickstart.com
cpanel.upstateutilities.com
ipv6.upstateutilities.com
webdisk.upstateutilities.com
www.upstateutilities.com
www.upstreambjj.com
www.upsucesso.com
*.upstream-tracker.eu.org
eniaweb.upsource.eu
wd-temp001.upsource.eu
www.eniaweb.upsource.eu
www.wd-temp001.upsource.eu
www.upservice.pro
pyramid.upsdepo.hu
*.upstatehomeseller.com
*.upskilltime.com
*.upside-richest.ga
*.upsstoretennessee.com
*.upsstoretennessee.com
www.upstart-partners.com
*.upsigndown.com
*.upsstoretennessee.com
*.top-upscaleautonow.live
top-upscaleautonow.live
*.upscalepages.com
*.upsidestory.com
*.ups-extensive.top
ups-extensive.top
